Determining if the pthread_create exist failed with the following output:
Change Dir: /home/snehal/Desktop/Thesis/IfO/KUKA_Task/ros_ws/build/CMakeFiles/CMakeTmp

Run Build Command:"/usr/bin/make" "cmTC_b5352/fast"
/usr/bin/make -f CMakeFiles/cmTC_b5352.dir/build.make CMakeFiles/cmTC_b5352.dir/build
make[1]: Entering directory '/home/snehal/Desktop/Thesis/IfO/KUKA_Task/ros_ws/build/CMakeFiles/CMakeTmp'
Building C object CMakeFiles/cmTC_b5352.dir/CheckSymbolExists.c.o
/usr/bin/cc    -o CMakeFiles/cmTC_b5352.dir/CheckSymbolExists.c.o   -c /home/snehal/Desktop/Thesis/IfO/KUKA_Task/ros_ws/build/CMakeFiles/CMakeTmp/CheckSymbolExists.c
Linking C executable cmTC_b5352
/usr/bin/cmake -E cmake_link_script CMakeFiles/cmTC_b5352.dir/link.txt --verbose=1
/usr/bin/cc      -rdynamic CMakeFiles/cmTC_b5352.dir/CheckSymbolExists.c.o  -o cmTC_b5352 
CMakeFiles/cmTC_b5352.dir/CheckSymbolExists.c.o: In function `main':
CheckSymbolExists.c:(.text+0x1b): undefined reference to `pthread_create'
collect2: error: ld returned 1 exit status
CMakeFiles/cmTC_b5352.dir/build.make:97: recipe for target 'cmTC_b5352' failed
make[1]: *** [cmTC_b5352] Error 1
make[1]: Leaving directory '/home/snehal/Desktop/Thesis/IfO/KUKA_Task/ros_ws/build/CMakeFiles/CMakeTmp'
Makefile:126: recipe for target 'cmTC_b5352/fast' failed
make: *** [cmTC_b5352/fast] Error 2

File /home/snehal/Desktop/Thesis/IfO/KUKA_Task/ros_ws/build/CMakeFiles/CMakeTmp/CheckSymbolExists.c:
/* */
#include <pthread.h>

int main(int argc, char** argv)
{
  (void)argv;
#ifndef pthread_create
  return ((int*)(&pthread_create))[argc];
#else
  (void)argc;
  return 0;
#endif
}

Determining if the function pthread_create exists in the pthreads failed with the following output:
Change Dir: /home/snehal/Desktop/Thesis/IfO/KUKA_Task/ros_ws/build/CMakeFiles/CMakeTmp

Run Build Command:"/usr/bin/make" "cmTC_dec1f/fast"
/usr/bin/make -f CMakeFiles/cmTC_dec1f.dir/build.make CMakeFiles/cmTC_dec1f.dir/build
make[1]: Entering directory '/home/snehal/Desktop/Thesis/IfO/KUKA_Task/ros_ws/build/CMakeFiles/CMakeTmp'
Building C object CMakeFiles/cmTC_dec1f.dir/CheckFunctionExists.c.o
/usr/bin/cc   -DCHECK_FUNCTION_EXISTS=pthread_create   -o CMakeFiles/cmTC_dec1f.dir/CheckFunctionExists.c.o   -c /usr/share/cmake-3.10/Modules/CheckFunctionExists.c
Linking C executable cmTC_dec1f
/usr/bin/cmake -E cmake_link_script CMakeFiles/cmTC_dec1f.dir/link.txt --verbose=1
/usr/bin/cc  -DCHECK_FUNCTION_EXISTS=pthread_create    -rdynamic CMakeFiles/cmTC_dec1f.dir/CheckFunctionExists.c.o  -o cmTC_dec1f -lpthreads 
/usr/bin/ld: cannot find -lpthreads
collect2: error: ld returned 1 exit status
CMakeFiles/cmTC_dec1f.dir/build.make:97: recipe for target 'cmTC_dec1f' failed
make[1]: *** [cmTC_dec1f] Error 1
make[1]: Leaving directory '/home/snehal/Desktop/Thesis/IfO/KUKA_Task/ros_ws/build/CMakeFiles/CMakeTmp'
Makefile:126: recipe for target 'cmTC_dec1f/fast' failed
make: *** [cmTC_dec1f/fast] Error 2


